[debug] [2020-07-16T13:51:33.481Z] ----------------------------------------------------------------------
[debug] [2020-07-16T13:51:33.484Z] Command:       C:\Program Files\nodejs\node.exe C:\Users\hausb\AppData\Roaming\npm\node_modules\firebase-tools\lib\bin\firebase.js emulators:start --only firestore
[debug] [2020-07-16T13:51:33.486Z] CLI Version:   8.5.0
[debug] [2020-07-16T13:51:33.486Z] Platform:      win32
[debug] [2020-07-16T13:51:33.486Z] Node Version:  v10.16.3
[debug] [2020-07-16T13:51:33.494Z] Time:          Thu Jul 16 2020 15:51:33 GMT+0200 (GMT+02:00)
[debug] [2020-07-16T13:51:33.494Z] ----------------------------------------------------------------------
[debug] [2020-07-16T13:51:33.494Z] 
[debug] [2020-07-16T13:51:33.505Z] > command requires scopes: ["email","openid","https://www.googleapis.com/auth/cloudplatformprojects.readonly","https://www.googleapis.com/auth/firebase","https://www.googleapis.com/auth/cloud-platform"]
[debug] [2020-07-16T13:51:33.506Z] > authorizing via signed-in user
[info] i  emulators: Starting emulators: firestore {"metadata":{"emulator":{"name":"hub"},"message":"Starting emulators: firestore"}}
[debug] [2020-07-16T13:51:35.543Z] [hub] writing locator at C:\Users\hausb\AppData\Local\Temp\hub-clean-notes-f25ff.json
[warn] !  firestore: Did not find a Cloud Firestore rules file specified in a firebase.json config file. {"metadata":{"emulator":{"name":"firestore"},"message":"Did not find a Cloud Firestore rules file specified in a firebase.json config file."}}
[warn] !  firestore: The emulator will default to allowing all reads and writes. Learn more about this option: https://firebase.google.com/docs/emulator-suite/install_and_configure#security_rules_configuration. {"metadata":{"emulator":{"name":"firestore"},"message":"The emulator will default to allowing all reads and writes. Learn more about this option: https://firebase.google.com/docs/emulator-suite/install_and_configure#security_rules_configuration."}}
[debug] [2020-07-16T13:51:37.590Z] Ignoring unsupported arg: projectId {"metadata":{"emulator":{"name":"firestore"},"message":"Ignoring unsupported arg: projectId"}}
[debug] [2020-07-16T13:51:37.591Z] Ignoring unsupported arg: auto_download {"metadata":{"emulator":{"name":"firestore"},"message":"Ignoring unsupported arg: auto_download"}}
[debug] [2020-07-16T13:51:37.591Z] Starting Firestore Emulator with command {"binary":"java","args":["-Duser.language=en","-jar","C:\\Users\\hausb\\.cache\\firebase\\emulators\\cloud-firestore-emulator-v1.11.4.jar","--host","localhost","--port",8080],"optionalArgs":["port","webchannel_port","host","rules","functions_emulator","seed_from_export"],"joinArgs":false} {"metadata":{"emulator":{"name":"firestore"},"message":"Starting Firestore Emulator with command {\"binary\":\"java\",\"args\":[\"-Duser.language=en\",\"-jar\",\"C:\\\\Users\\\\hausb\\\\.cache\\\\firebase\\\\emulators\\\\cloud-firestore-emulator-v1.11.4.jar\",\"--host\",\"localhost\",\"--port\",8080],\"optionalArgs\":[\"port\",\"webchannel_port\",\"host\",\"rules\",\"functions_emulator\",\"seed_from_export\"],\"joinArgs\":false}"}}
[info] i  firestore: Firestore Emulator logging to firestore-debug.log {"metadata":{"emulator":{"name":"firestore"},"message":"Firestore Emulator logging to \u001b[1mfirestore-debug.log\u001b[22m"}}
[debug] [2020-07-16T13:51:40.913Z] API endpoint: http://localhost {"metadata":{"emulator":{"name":"firestore"},"message":"API endpoint: http://localhost"}}
[debug] [2020-07-16T13:51:40.914Z] :8080
If you are using a library that supports the FIRESTORE_EMULATOR_HOST environment variable, run:

   export FIRESTORE_EMULATOR_HOST=localhost:8080

Dev App Server is now running.

 {"metadata":{"emulator":{"name":"firestore"},"message":":8080\nIf you are using a library that supports the FIRESTORE_EMULATOR_HOST environment variable, run:\r\n\n   export FIRESTORE_EMULATOR_HOST=localhost:8080\n\nDev App Server is now running.\n\r\n"}}
[debug] [2020-07-16T13:51:45.387Z] Ignoring unsupported arg: auto_download {"metadata":{"emulator":{"name":"ui"},"message":"Ignoring unsupported arg: auto_download"}}
[debug] [2020-07-16T13:51:45.387Z] Ignoring unsupported arg: port {"metadata":{"emulator":{"name":"ui"},"message":"Ignoring unsupported arg: port"}}
[debug] [2020-07-16T13:51:45.388Z] Starting Emulator UI with command {"binary":"node","args":["C:\\Users\\hausb\\.cache\\firebase\\emulators\\ui-v1.1.0\\server.bundle.js"],"optionalArgs":[],"joinArgs":false} {"metadata":{"emulator":{"name":"ui"},"message":"Starting Emulator UI with command {\"binary\":\"node\",\"args\":[\"C:\\\\Users\\\\hausb\\\\.cache\\\\firebase\\\\emulators\\\\ui-v1.1.0\\\\server.bundle.js\"],\"optionalArgs\":[],\"joinArgs\":false}"}}
[info] i  ui: Emulator UI logging to ui-debug.log {"metadata":{"emulator":{"name":"ui"},"message":"Emulator UI logging to \u001b[1mui-debug.log\u001b[22m"}}
[debug] [2020-07-16T13:51:45.600Z] Web / API server started at http://localhost:4000
 {"metadata":{"emulator":{"name":"ui"},"message":"Web / API server started at http://localhost:4000\n"}}
[info] 
┌───────────────────────────────────────────────────────────────────────┐
│ ✔  All emulators ready! View status and logs at http://localhost:4000 │
└───────────────────────────────────────────────────────────────────────┘

┌───────────┬────────────────┬─────────────────────────────────┐
│ Emulator  │ Host:Port      │ View in Emulator UI             │
├───────────┼────────────────┼─────────────────────────────────┤
│ Firestore │ localhost:8080 │ http://localhost:4000/firestore │
└───────────┴────────────────┴─────────────────────────────────┘
  Other reserved ports: 4400, 4500

Issues? Report them at https://github.com/firebase/firebase-tools/issues and attach the *-debug.log files.
 
[debug] [2020-07-16T13:52:12.051Z] Jul 16, 2020 3:52:12 PM io.gapi.emulators.netty.HttpVersionRoutingHandler channelRead
INFO: Detected HTTP/2 connection.
 {"metadata":{"emulator":{"name":"firestore"},"message":"Jul 16, 2020 3:52:12 PM io.gapi.emulators.netty.HttpVersionRoutingHandler channelRead\r\nINFO: Detected HTTP/2 connection.\r\n"}}
[debug] [2020-07-16T13:52:12.929Z] Jul 16, 2020 3:52:12 PM com.google.cloud.datastore.emulator.impl.context.EmulatorAuthorization warnAboutSecuredJwt
WARNING: expected an unsecured JWT, the emulator does not validate JWTs and IS NOT SECURE
 {"metadata":{"emulator":{"name":"firestore"},"message":"Jul 16, 2020 3:52:12 PM com.google.cloud.datastore.emulator.impl.context.EmulatorAuthorization warnAboutSecuredJwt\r\nWARNING: expected an unsecured JWT, the emulator does not validate JWTs and IS NOT SECURE\r\n"}}
[debug] [2020-07-16T13:52:12.930Z] Jul 16, 2020 3:52:12 PM com.google.cloud.datastore.emulator.impl.context.EmulatorAuthorization warnAboutSecuredJwt
WARNING: expected an unsecured JWT, the emulator does not validate JWTs and IS NOT SECURE
 {"metadata":{"emulator":{"name":"firestore"},"message":"Jul 16, 2020 3:52:12 PM com.google.cloud.datastore.emulator.impl.context.EmulatorAuthorization warnAboutSecuredJwt\r\nWARNING: expected an unsecured JWT, the emulator does not validate JWTs and IS NOT SECURE\r\n"}}
[debug] [2020-07-16T14:12:57.070Z] Jul 16, 2020 4:12:57 PM io.gapi.emulators.netty.HttpVersionRoutingHandler channelRead
INFO: Detected HTTP/2 connection.
 {"metadata":{"emulator":{"name":"firestore"},"message":"Jul 16, 2020 4:12:57 PM io.gapi.emulators.netty.HttpVersionRoutingHandler channelRead\r\nINFO: Detected HTTP/2 connection.\r\n"}}
[debug] [2020-07-16T14:12:57.086Z] Jul 16, 2020 4:12:57 PM com.google.cloud.datastore.emulator.impl.context.EmulatorAuthorization warnAboutSecuredJwt
WARNING: expected an unsecured JWT, the emulator does not validate JWTs and IS NOT SECURE
 {"metadata":{"emulator":{"name":"firestore"},"message":"Jul 16, 2020 4:12:57 PM com.google.cloud.datastore.emulator.impl.context.EmulatorAuthorization warnAboutSecuredJwt\r\nWARNING: expected an unsecured JWT, the emulator does not validate JWTs and IS NOT SECURE\r\n"}}
[debug] [2020-07-16T14:12:57.091Z] Jul 16, 2020 4:12:57 PM com.google.cloud.datastore.emulator.impl.context.EmulatorAuthorization warnAboutSecuredJwt
WARNING: expected an unsecured JWT, the emulator does not validate JWTs and IS NOT SECURE
 {"metadata":{"emulator":{"name":"firestore"},"message":"Jul 16, 2020 4:12:57 PM com.google.cloud.datastore.emulator.impl.context.EmulatorAuthorization warnAboutSecuredJwt\r\nWARNING: expected an unsecured JWT, the emulator does not validate JWTs and IS NOT SECURE\r\n"}}
[debug] [2020-07-16T14:12:57.124Z] Jul 16, 2020 4:12:57 PM com.google.cloud.datastore.emulator.impl.context.EmulatorAuthorization warnAboutSecuredJwt
WARNING: expected an unsecured JWT, the emulator does not validate JWTs and IS NOT SECURE
 {"metadata":{"emulator":{"name":"firestore"},"message":"Jul 16, 2020 4:12:57 PM com.google.cloud.datastore.emulator.impl.context.EmulatorAuthorization warnAboutSecuredJwt\r\nWARNING: expected an unsecured JWT, the emulator does not validate JWTs and IS NOT SECURE\r\n"}}
[debug] [2020-07-16T14:12:57.138Z] Jul 16, 2020 4:12:57 PM com.google.cloud.datastore.emulator.impl.context.EmulatorAuthorization warnAboutSecuredJwt
WARNING: expected an unsecured JWT, the emulator does not validate JWTs and IS NOT SECURE
 {"metadata":{"emulator":{"name":"firestore"},"message":"Jul 16, 2020 4:12:57 PM com.google.cloud.datastore.emulator.impl.context.EmulatorAuthorization warnAboutSecuredJwt\r\nWARNING: expected an unsecured JWT, the emulator does not validate JWTs and IS NOT SECURE\r\n"}}
[debug] [2020-07-16T14:12:57.802Z] Jul 16, 2020 4:12:57 PM com.google.cloud.datastore.emulator.impl.context.EmulatorAuthorization warnAboutSecuredJwt
WARNING: expected an unsecured JWT, the emulator does not validate JWTs and IS NOT SECURE
 {"metadata":{"emulator":{"name":"firestore"},"message":"Jul 16, 2020 4:12:57 PM com.google.cloud.datastore.emulator.impl.context.EmulatorAuthorization warnAboutSecuredJwt\r\nWARNING: expected an unsecured JWT, the emulator does not validate JWTs and IS NOT SECURE\r\n"}}
[debug] [2020-07-16T14:12:57.860Z] Jul 16, 2020 4:12:57 PM com.google.cloud.datastore.emulator.impl.context.EmulatorAuthorization warnAboutSecuredJwt
WARNING: expected an unsecured JWT, the emulator does not validate JWTs and IS NOT SECURE
 {"metadata":{"emulator":{"name":"firestore"},"message":"Jul 16, 2020 4:12:57 PM com.google.cloud.datastore.emulator.impl.context.EmulatorAuthorization warnAboutSecuredJwt\r\nWARNING: expected an unsecured JWT, the emulator does not validate JWTs and IS NOT SECURE\r\n"}}
[debug] [2020-07-16T14:12:58.425Z] Jul 16, 2020 4:12:58 PM com.google.cloud.datastore.emulator.impl.context.EmulatorAuthorization warnAboutSecuredJwt
WARNING: expected an unsecured JWT, the emulator does not validate JWTs and IS NOT SECURE
 {"metadata":{"emulator":{"name":"firestore"},"message":"Jul 16, 2020 4:12:58 PM com.google.cloud.datastore.emulator.impl.context.EmulatorAuthorization warnAboutSecuredJwt\r\nWARNING: expected an unsecured JWT, the emulator does not validate JWTs and IS NOT SECURE\r\n"}}
[debug] [2020-07-16T14:12:58.475Z] Jul 16, 2020 4:12:58 PM com.google.cloud.datastore.emulator.impl.context.EmulatorAuthorization warnAboutSecuredJwt
WARNING: expected an unsecured JWT, the emulator does not validate JWTs and IS NOT SECURE
 {"metadata":{"emulator":{"name":"firestore"},"message":"Jul 16, 2020 4:12:58 PM com.google.cloud.datastore.emulator.impl.context.EmulatorAuthorization warnAboutSecuredJwt\r\nWARNING: expected an unsecured JWT, the emulator does not validate JWTs and IS NOT SECURE\r\n"}}
[debug] [2020-07-16T14:12:59.050Z] Jul 16, 2020 4:12:59 PM com.google.cloud.datastore.emulator.impl.context.EmulatorAuthorization warnAboutSecuredJwt
WARNING: expected an unsecured JWT, the emulator does not validate JWTs and IS NOT SECURE
 {"metadata":{"emulator":{"name":"firestore"},"message":"Jul 16, 2020 4:12:59 PM com.google.cloud.datastore.emulator.impl.context.EmulatorAuthorization warnAboutSecuredJwt\r\nWARNING: expected an unsecured JWT, the emulator does not validate JWTs and IS NOT SECURE\r\n"}}
[debug] [2020-07-16T14:12:59.052Z] Jul 16, 2020 4:12:59 PM com.google.cloud.datastore.emulator.impl.context.EmulatorAuthorization warnAboutSecuredJwt
WARNING: expected an unsecured JWT, the emulator does not validate JWTs and IS NOT SECURE
 {"metadata":{"emulator":{"name":"firestore"},"message":"Jul 16, 2020 4:12:59 PM com.google.cloud.datastore.emulator.impl.context.EmulatorAuthorization warnAboutSecuredJwt\r\nWARNING: expected an unsecured JWT, the emulator does not validate JWTs and IS NOT SECURE\r\n"}}
[debug] [2020-07-16T14:13:00.362Z] Jul 16, 2020 4:13:00 PM com.google.cloud.datastore.emulator.impl.context.EmulatorAuthorization warnAboutSecuredJwt
WARNING: expected an unsecured JWT, the emulator does not validate JWTs and IS NOT SECURE
 {"metadata":{"emulator":{"name":"firestore"},"message":"Jul 16, 2020 4:13:00 PM com.google.cloud.datastore.emulator.impl.context.EmulatorAuthorization warnAboutSecuredJwt\r\nWARNING: expected an unsecured JWT, the emulator does not validate JWTs and IS NOT SECURE\r\n"}}
[debug] [2020-07-16T14:13:00.366Z] Jul 16, 2020 4:13:00 PM com.google.cloud.datastore.emulator.impl.context.EmulatorAuthorization warnAboutSecuredJwt
WARNING: expected an unsecured JWT, the emulator does not validate JWTs and IS NOT SECURE
 {"metadata":{"emulator":{"name":"firestore"},"message":"Jul 16, 2020 4:13:00 PM com.google.cloud.datastore.emulator.impl.context.EmulatorAuthorization warnAboutSecuredJwt\r\nWARNING: expected an unsecured JWT, the emulator does not validate JWTs and IS NOT SECURE\r\n"}}
[debug] [2020-07-16T14:13:00.382Z] Jul 16, 2020 4:13:00 PM io.netty.util.ReferenceCountUtil safeRelease
WARNING: Failed to release a message: UnpooledSlicedByteBuf(freed)
io.netty.util.IllegalReferenceCountException: refCnt: 0, decrement: 1
	at io.netty.util.internal.ReferenceCountUpdater.toLiveRealRefCnt(ReferenceCountUpdater.java:74)
	at io.netty.util.internal.ReferenceCountUpdater.release(ReferenceCountUpdater.java:138)
	at io.netty.buffer.AbstractReferenceCountedByteBuf.release(AbstractReferenceCountedByteBuf.java:100)
	at io.netty.buffer.CompositeByteBuf$Component.free(CompositeByteBuf.java:1915)
	at io.netty.buffer.CompositeByteBuf.deallocate(CompositeByteBuf.java:2220)
	at io.netty.buffer.AbstractReferenceCountedByteBuf.handleRelease(AbstractReferenceCountedByteBuf.java:110)
	at io.netty.buffer.AbstractReferenceCountedByteBuf.release(AbstractReferenceCountedByteBuf.java:100)
	at io.netty.buffer.AbstractDerivedByteBuf.release0(AbstractDerivedByteBuf.java:94)
	at io.netty.buffer.AbstractDerivedByteBuf.release(AbstractDerivedByteBuf.java:90)
	at io.netty.util.ReferenceCountUtil.release(ReferenceCountUtil.java:88)
	at io.netty.util.ReferenceCountUtil.safeRelease(ReferenceCountUtil.java:113)
	at io.netty.channel.ChannelOutboundBuffer.remove(ChannelOutboundBuffer.java:271)
	at io.netty.channel.ChannelOutboundBuffer.removeBytes(ChannelOutboundBuffer.java:352)
	at io.netty.channel.socket.nio.NioSocketChannel.doWrite(NioSocketChannel.java:431)
	at io.netty.channel.AbstractChannel$AbstractUnsafe.flush0(AbstractChannel.java:930)
	at io.netty.channel.nio.AbstractNioChannel$AbstractNioUnsafe.flush0(AbstractNioChannel.java:354)
	at io.netty.channel.AbstractChannel$AbstractUnsafe.flush(AbstractChannel.java:897)
	at io.netty.channel.DefaultChannelPipeline$HeadContext.flush(DefaultChannelPipeline.java:1372)
	at io.netty.channel.AbstractChannelHandlerContext.invokeFlush0(AbstractChannelHandlerContext.java:750)
	at io.netty.channel.AbstractChannelHandlerContext.invokeFlush(AbstractChannelHandlerContext.java:742)
	at io.netty.channel.AbstractChannelHandlerContext.flush(AbstractChannelHandlerContext.java:728)
	at io.netty.handler.codec.http2.Http2ConnectionHandler.flush(Http2ConnectionHandler.java:189)
	at io.netty.channel.AbstractChannelHandlerContext.invokeFlush0(AbstractChannelHandlerContext.java:750)
	at io.netty.channel.AbstractChannelHandlerContext.invokeFlush(AbstractChannelHandlerContext.java:742)
	at io.netty.channel.AbstractChannelHandlerContext.flush(AbstractChannelHandlerContext.java:728)
	at io.netty.channel.DefaultChannelPipeline.flush(DefaultChannelPipeline.java:967)
	at io.netty.channel.AbstractChannel.flush(AbstractChannel.java:242)
	at io.grpc.netty.WriteQueue.flush(WriteQueue.java:147)
	at io.grpc.netty.WriteQueue.access$000(WriteQueue.java:34)
	at io.grpc.netty.WriteQueue$1.run(WriteQueue.java:46)
	at io.netty.util.concurrent.AbstractEventExecutor.safeExecute(AbstractEventExecutor.java:164)
	at io.netty.util.concurrent.SingleThreadEventExecutor.runAllTasks(SingleThreadEventExecutor.java:472)
	at io.netty.channel.nio.NioEventLoop.run(NioEventLoop.java:500)
	at io.netty.util.concurrent.SingleThreadEventExecutor$4.run(SingleThreadEventExecutor.java:989)
	at io.netty.util.internal.ThreadExecutorMap$2.run(ThreadExecutorMap.java:74)
	at io.netty.util.concurrent.FastThreadLocalRunnable.run(FastThreadLocalRunnable.java:30)
	at java.lang.Thread.run(Unknown Source)

 {"metadata":{"emulator":{"name":"firestore"},"message":"Jul 16, 2020 4:13:00 PM io.netty.util.ReferenceCountUtil safeRelease\r\nWARNING: Failed to release a message: UnpooledSlicedByteBuf(freed)\r\nio.netty.util.IllegalReferenceCountException: refCnt: 0, decrement: 1\r\n\tat io.netty.util.internal.ReferenceCountUpdater.toLiveRealRefCnt(ReferenceCountUpdater.java:74)\r\n\tat io.netty.util.internal.ReferenceCountUpdater.release(ReferenceCountUpdater.java:138)\r\n\tat io.netty.buffer.AbstractReferenceCountedByteBuf.release(AbstractReferenceCountedByteBuf.java:100)\r\n\tat io.netty.buffer.CompositeByteBuf$Component.free(CompositeByteBuf.java:1915)\r\n\tat io.netty.buffer.CompositeByteBuf.deallocate(CompositeByteBuf.java:2220)\r\n\tat io.netty.buffer.AbstractReferenceCountedByteBuf.handleRelease(AbstractReferenceCountedByteBuf.java:110)\r\n\tat io.netty.buffer.AbstractReferenceCountedByteBuf.release(AbstractReferenceCountedByteBuf.java:100)\r\n\tat io.netty.buffer.AbstractDerivedByteBuf.release0(AbstractDerivedByteBuf.java:94)\r\n\tat io.netty.buffer.AbstractDerivedByteBuf.release(AbstractDerivedByteBuf.java:90)\r\n\tat io.netty.util.ReferenceCountUtil.release(ReferenceCountUtil.java:88)\r\n\tat io.netty.util.ReferenceCountUtil.safeRelease(ReferenceCountUtil.java:113)\r\n\tat io.netty.channel.ChannelOutboundBuffer.remove(ChannelOutboundBuffer.java:271)\r\n\tat io.netty.channel.ChannelOutboundBuffer.removeBytes(ChannelOutboundBuffer.java:352)\r\n\tat io.netty.channel.socket.nio.NioSocketChannel.doWrite(NioSocketChannel.java:431)\r\n\tat io.netty.channel.AbstractChannel$AbstractUnsafe.flush0(AbstractChannel.java:930)\r\n\tat io.netty.channel.nio.AbstractNioChannel$AbstractNioUnsafe.flush0(AbstractNioChannel.java:354)\r\n\tat io.netty.channel.AbstractChannel$AbstractUnsafe.flush(AbstractChannel.java:897)\r\n\tat io.netty.channel.DefaultChannelPipeline$HeadContext.flush(DefaultChannelPipeline.java:1372)\r\n\tat io.netty.channel.AbstractChannelHandlerContext.invokeFlush0(AbstractChannelHandlerContext.java:750)\r\n\tat io.netty.channel.AbstractChannelHandlerContext.invokeFlush(AbstractChannelHandlerContext.java:742)\r\n\tat io.netty.channel.AbstractChannelHandlerContext.flush(AbstractChannelHandlerContext.java:728)\r\n\tat io.netty.handler.codec.http2.Http2ConnectionHandler.flush(Http2ConnectionHandler.java:189)\r\n\tat io.netty.channel.AbstractChannelHandlerContext.invokeFlush0(AbstractChannelHandlerContext.java:750)\r\n\tat io.netty.channel.AbstractChannelHandlerContext.invokeFlush(AbstractChannelHandlerContext.java:742)\r\n\tat io.netty.channel.AbstractChannelHandlerContext.flush(AbstractChannelHandlerContext.java:728)\r\n\tat io.netty.channel.DefaultChannelPipeline.flush(DefaultChannelPipeline.java:967)\r\n\tat io.netty.channel.AbstractChannel.flush(AbstractChannel.java:242)\r\n\tat io.grpc.netty.WriteQueue.flush(WriteQueue.java:147)\r\n\tat io.grpc.netty.WriteQueue.access$000(WriteQueue.java:34)\r\n\tat io.grpc.netty.WriteQueue$1.run(WriteQueue.java:46)\r\n\tat io.netty.util.concurrent.AbstractEventExecutor.safeExecute(AbstractEventExecutor.java:164)\r\n\tat io.netty.util.concurrent.SingleThreadEventExecutor.runAllTasks(SingleThreadEventExecutor.java:472)\r\n\tat io.netty.channel.nio.NioEventLoop.run(NioEventLoop.java:500)\r\n\tat io.netty.util.concurrent.SingleThreadEventExecutor$4.run(SingleThreadEventExecutor.java:989)\r\n\tat io.netty.util.internal.ThreadExecutorMap$2.run(ThreadExecutorMap.java:74)\r\n\tat io.netty.util.concurrent.FastThreadLocalRunnable.run(FastThreadLocalRunnable.java:30)\r\n\tat java.lang.Thread.run(Unknown Source)\r\n\r\n"}}
[debug] [2020-07-16T14:13:00.384Z] Jul 16, 2020 4:13:00 PM io.netty.util.ReferenceCountUtil safeRelease
WARNING: Failed to release a message: UnpooledSlicedByteBuf(freed)
io.netty.util.IllegalReferenceCountException: refCnt: 0, decrement: 1
	at io.netty.util.internal.ReferenceCountUpdater.toLiveRealRefCnt(ReferenceCountUpdater.java:74)
	at io.netty.util.internal.ReferenceCountUpdater.release(ReferenceCountUpdater.java:138)
	at io.netty.buffer.AbstractReferenceCountedByteBuf.release(AbstractReferenceCountedByteBuf.java:100)
	at io.netty.buffer.CompositeByteBuf$Component.free(CompositeByteBuf.java:1915)
	at io.netty.buffer.CompositeByteBuf.deallocate(CompositeByteBuf.java:2220)
	at io.netty.buffer.AbstractReferenceCountedByteBuf.handleRelease(AbstractReferenceCountedByteBuf.java:110)
	at io.netty.buffer.AbstractReferenceCountedByteBuf.release(AbstractReferenceCountedByteBuf.java:100)
	at io.netty.buffer.AbstractDerivedByteBuf.release0(AbstractDerivedByteBuf.java:94)
	at io.netty.buffer.AbstractDerivedByteBuf.release(AbstractDerivedByteBuf.java:90)
	at io.netty.util.ReferenceCountUtil.release(ReferenceCountUtil.java:88)
	at io.netty.util.ReferenceCountUtil.safeRelease(ReferenceCountUtil.java:113)
	at io.netty.channel.ChannelOutboundBuffer.remove(ChannelOutboundBuffer.java:271)
	at io.netty.channel.ChannelOutboundBuffer.removeBytes(ChannelOutboundBuffer.java:352)
	at io.netty.channel.socket.nio.NioSocketChannel.doWrite(NioSocketChannel.java:431)
	at io.netty.channel.AbstractChannel$AbstractUnsafe.flush0(AbstractChannel.java:930)
	at io.netty.channel.nio.AbstractNioChannel$AbstractNioUnsafe.flush0(AbstractNioChannel.java:354)
	at io.netty.channel.AbstractChannel$AbstractUnsafe.flush(AbstractChannel.java:897)
	at io.netty.channel.DefaultChannelPipeline$HeadContext.flush(DefaultChannelPipeline.java:1372)
	at io.netty.channel.AbstractChannelHandlerContext.invokeFlush0(AbstractChannelHandlerContext.java:750)
	at io.netty.channel.AbstractChannelHandlerContext.invokeFlush(AbstractChannelHandlerContext.java:742)
	at io.netty.channel.AbstractChannelHandlerContext.flush(AbstractChannelHandlerContext.java:728)
	at io.netty.handler.codec.http2.Http2ConnectionHandler.flush(Http2ConnectionHandler.java:189)
	at io.netty.channel.AbstractChannelHandlerContext.invokeFlush0(AbstractChannelHandlerContext.java:750)
	at io.netty.channel.AbstractChannelHandlerContext.invokeFlush(AbstractChannelHandlerContext.java:742)
	at io.netty.channel.AbstractChannelHandlerContext.flush(AbstractChannelHandlerContext.java:728)
	at io.netty.channel.DefaultChannelPipeline.flush(DefaultChannelPipeline.java:967)
	at io.netty.channel.AbstractChannel.flush(AbstractChannel.java:242)
	at io.grpc.netty.WriteQueue.flush(WriteQueue.java:147)
	at io.grpc.netty.WriteQueue.access$000(WriteQueue.java:34)
	at io.grpc.netty.WriteQueue$1.run(WriteQueue.java:46)
	at io.netty.util.concurrent.AbstractEventExecutor.safeExecute(AbstractEventExecutor.java:164)
	at io.netty.util.concurrent.SingleThreadEventExecutor.runAllTasks(SingleThreadEventExecutor.java:472)
	at io.netty.channel.nio.NioEventLoop.run(NioEventLoop.java:500)
	at io.netty.util.concurrent.SingleThreadEventExecutor$4.run(SingleThreadEventExecutor.java:989)
	at io.netty.util.internal.ThreadExecutorMap$2.run(ThreadExecutorMap.java:74)
	at io.netty.util.concurrent.FastThreadLocalRunnable.run(FastThreadLocalRunnable.java:30)
	at java.lang.Thread.run(Unknown Source)

 {"metadata":{"emulator":{"name":"firestore"},"message":"Jul 16, 2020 4:13:00 PM io.netty.util.ReferenceCountUtil safeRelease\r\nWARNING: Failed to release a message: UnpooledSlicedByteBuf(freed)\r\nio.netty.util.IllegalReferenceCountException: refCnt: 0, decrement: 1\r\n\tat io.netty.util.internal.ReferenceCountUpdater.toLiveRealRefCnt(ReferenceCountUpdater.java:74)\r\n\tat io.netty.util.internal.ReferenceCountUpdater.release(ReferenceCountUpdater.java:138)\r\n\tat io.netty.buffer.AbstractReferenceCountedByteBuf.release(AbstractReferenceCountedByteBuf.java:100)\r\n\tat io.netty.buffer.CompositeByteBuf$Component.free(CompositeByteBuf.java:1915)\r\n\tat io.netty.buffer.CompositeByteBuf.deallocate(CompositeByteBuf.java:2220)\r\n\tat io.netty.buffer.AbstractReferenceCountedByteBuf.handleRelease(AbstractReferenceCountedByteBuf.java:110)\r\n\tat io.netty.buffer.AbstractReferenceCountedByteBuf.release(AbstractReferenceCountedByteBuf.java:100)\r\n\tat io.netty.buffer.AbstractDerivedByteBuf.release0(AbstractDerivedByteBuf.java:94)\r\n\tat io.netty.buffer.AbstractDerivedByteBuf.release(AbstractDerivedByteBuf.java:90)\r\n\tat io.netty.util.ReferenceCountUtil.release(ReferenceCountUtil.java:88)\r\n\tat io.netty.util.ReferenceCountUtil.safeRelease(ReferenceCountUtil.java:113)\r\n\tat io.netty.channel.ChannelOutboundBuffer.remove(ChannelOutboundBuffer.java:271)\r\n\tat io.netty.channel.ChannelOutboundBuffer.removeBytes(ChannelOutboundBuffer.java:352)\r\n\tat io.netty.channel.socket.nio.NioSocketChannel.doWrite(NioSocketChannel.java:431)\r\n\tat io.netty.channel.AbstractChannel$AbstractUnsafe.flush0(AbstractChannel.java:930)\r\n\tat io.netty.channel.nio.AbstractNioChannel$AbstractNioUnsafe.flush0(AbstractNioChannel.java:354)\r\n\tat io.netty.channel.AbstractChannel$AbstractUnsafe.flush(AbstractChannel.java:897)\r\n\tat io.netty.channel.DefaultChannelPipeline$HeadContext.flush(DefaultChannelPipeline.java:1372)\r\n\tat io.netty.channel.AbstractChannelHandlerContext.invokeFlush0(AbstractChannelHandlerContext.java:750)\r\n\tat io.netty.channel.AbstractChannelHandlerContext.invokeFlush(AbstractChannelHandlerContext.java:742)\r\n\tat io.netty.channel.AbstractChannelHandlerContext.flush(AbstractChannelHandlerContext.java:728)\r\n\tat io.netty.handler.codec.http2.Http2ConnectionHandler.flush(Http2ConnectionHandler.java:189)\r\n\tat io.netty.channel.AbstractChannelHandlerContext.invokeFlush0(AbstractChannelHandlerContext.java:750)\r\n\tat io.netty.channel.AbstractChannelHandlerContext.invokeFlush(AbstractChannelHandlerContext.java:742)\r\n\tat io.netty.channel.AbstractChannelHandlerContext.flush(AbstractChannelHandlerContext.java:728)\r\n\tat io.netty.channel.DefaultChannelPipeline.flush(DefaultChannelPipeline.java:967)\r\n\tat io.netty.channel.AbstractChannel.flush(AbstractChannel.java:242)\r\n\tat io.grpc.netty.WriteQueue.flush(WriteQueue.java:147)\r\n\tat io.grpc.netty.WriteQueue.access$000(WriteQueue.java:34)\r\n\tat io.grpc.netty.WriteQueue$1.run(WriteQueue.java:46)\r\n\tat io.netty.util.concurrent.AbstractEventExecutor.safeExecute(AbstractEventExecutor.java:164)\r\n\tat io.netty.util.concurrent.SingleThreadEventExecutor.runAllTasks(SingleThreadEventExecutor.java:472)\r\n\tat io.netty.channel.nio.NioEventLoop.run(NioEventLoop.java:500)\r\n\tat io.netty.util.concurrent.SingleThreadEventExecutor$4.run(SingleThreadEventExecutor.java:989)\r\n\tat io.netty.util.internal.ThreadExecutorMap$2.run(ThreadExecutorMap.java:74)\r\n\tat io.netty.util.concurrent.FastThreadLocalRunnable.run(FastThreadLocalRunnable.java:30)\r\n\tat java.lang.Thread.run(Unknown Source)\r\n\r\n"}}
[debug] [2020-07-16T14:13:00.400Z] Jul 16, 2020 4:13:00 PM com.google.cloud.datastore.emulator.impl.context.EmulatorAuthorization warnAboutSecuredJwt
WARNING: expected an unsecured JWT, the emulator does not validate JWTs and IS NOT SECURE
 {"metadata":{"emulator":{"name":"firestore"},"message":"Jul 16, 2020 4:13:00 PM com.google.cloud.datastore.emulator.impl.context.EmulatorAuthorization warnAboutSecuredJwt\r\nWARNING: expected an unsecured JWT, the emulator does not validate JWTs and IS NOT SECURE\r\n"}}
[debug] [2020-07-16T14:13:01.197Z] Jul 16, 2020 4:13:01 PM com.google.cloud.datastore.emulator.impl.context.EmulatorAuthorization warnAboutSecuredJwt
WARNING: expected an unsecured JWT, the emulator does not validate JWTs and IS NOT SECURE
 {"metadata":{"emulator":{"name":"firestore"},"message":"Jul 16, 2020 4:13:01 PM com.google.cloud.datastore.emulator.impl.context.EmulatorAuthorization warnAboutSecuredJwt\r\nWARNING: expected an unsecured JWT, the emulator does not validate JWTs and IS NOT SECURE\r\n"}}
[debug] [2020-07-16T14:13:01.201Z] Jul 16, 2020 4:13:01 PM com.google.cloud.datastore.emulator.impl.context.EmulatorAuthorization warnAboutSecuredJwt
WARNING: expected an unsecured JWT, the emulator does not validate JWTs and IS NOT SECURE
 {"metadata":{"emulator":{"name":"firestore"},"message":"Jul 16, 2020 4:13:01 PM com.google.cloud.datastore.emulator.impl.context.EmulatorAuthorization warnAboutSecuredJwt\r\nWARNING: expected an unsecured JWT, the emulator does not validate JWTs and IS NOT SECURE\r\n"}}
[debug] [2020-07-16T14:13:01.328Z] Jul 16, 2020 4:13:01 PM io.grpc.netty.NettyServerHandler onStreamError
WARNING: Stream Error
io.netty.handler.codec.http2.Http2Exception$StreamException: Stream closed before write could take place
	at io.netty.handler.codec.http2.Http2Exception.streamError(Http2Exception.java:167)
	at io.netty.handler.codec.http2.DefaultHttp2RemoteFlowController$FlowState.cancel(DefaultHttp2RemoteFlowController.java:481)
	at io.netty.handler.codec.http2.DefaultHttp2RemoteFlowController$1.onStreamClosed(DefaultHttp2RemoteFlowController.java:105)
	at io.netty.handler.codec.http2.DefaultHttp2Connection.notifyClosed(DefaultHttp2Connection.java:356)
	at io.netty.handler.codec.http2.DefaultHttp2Connection$ActiveStreams.removeFromActiveStreams(DefaultHttp2Connection.java:1000)
	at io.netty.handler.codec.http2.DefaultHttp2Connection$ActiveStreams.deactivate(DefaultHttp2Connection.java:956)
	at io.netty.handler.codec.http2.DefaultHttp2Connection$DefaultStream.close(DefaultHttp2Connection.java:512)
	at io.netty.handler.codec.http2.DefaultHttp2Connection$DefaultStream.close(DefaultHttp2Connection.java:518)
	at io.netty.handler.codec.http2.Http2ConnectionHandler.closeStream(Http2ConnectionHandler.java:613)
	at io.netty.handler.codec.http2.DefaultHttp2ConnectionDecoder$FrameReadListener.onRstStreamRead(DefaultHttp2ConnectionDecoder.java:408)
	at io.netty.handler.codec.http2.Http2InboundFrameLogger$1.onRstStreamRead(Http2InboundFrameLogger.java:80)
	at io.netty.handler.codec.http2.DefaultHttp2FrameReader.readRstStreamFrame(DefaultHttp2FrameReader.java:516)
	at io.netty.handler.codec.http2.DefaultHttp2FrameReader.processPayloadState(DefaultHttp2FrameReader.java:260)
	at io.netty.handler.codec.http2.DefaultHttp2FrameReader.readFrame(DefaultHttp2FrameReader.java:160)
	at io.netty.handler.codec.http2.Http2InboundFrameLogger.readFrame(Http2InboundFrameLogger.java:41)
	at io.netty.handler.codec.http2.DefaultHttp2ConnectionDecoder.decodeFrame(DefaultHttp2ConnectionDecoder.java:174)
	at io.netty.handler.codec.http2.Http2ConnectionHandler$FrameDecoder.decode(Http2ConnectionHandler.java:378)
	at io.netty.handler.codec.http2.Http2ConnectionHandler.decode(Http2ConnectionHandler.java:438)
	at io.netty.handler.codec.ByteToMessageDecoder.decodeRemovalReentryProtection(ByteToMessageDecoder.java:498)
	at io.netty.handler.codec.ByteToMessageDecoder.callDecode(ByteToMessageDecoder.java:437)
	at io.netty.handler.codec.ByteToMessageDecoder.channelRead(ByteToMessageDecoder.java:276)
	at io.netty.channel.AbstractChannelHandlerContext.invokeChannelRead(AbstractChannelHandlerContext.java:379)
	at io.netty.channel.AbstractChannelHandlerContext.invokeChannelRead(AbstractChannelHandlerContext.java:365)
	at io.netty.channel.AbstractChannelHandlerContext.fireChannelRead(AbstractChannelHandlerContext.java:357)
	at io.netty.channel.DefaultChannelPipeline$HeadContext.channelRead(DefaultChannelPipeline.java:1410)
	at io.netty.channel.AbstractChannelHandlerContext.invokeChannelRead(AbstractChannelHandlerContext.java:379)
	at io.netty.channel.AbstractChannelHandlerContext.invokeChannelRead(AbstractChannelHandlerContext.java:365)
	at io.netty.channel.DefaultChannelPipeline.fireChannelRead(DefaultChannelPipeline.java:919)
	at io.netty.channel.nio.AbstractNioByteChannel$NioByteUnsafe.read(AbstractNioByteChannel.java:163)
	at io.netty.channel.nio.NioEventLoop.processSelectedKey(NioEventLoop.java:714)
	at io.netty.channel.nio.NioEventLoop.processSelectedKeysOptimized(NioEventLoop.java:650)
	at io.netty.channel.nio.NioEventLoop.processSelectedKeys(NioEventLoop.java:576)
	at io.netty.channel.nio.NioEventLoop.run(NioEventLoop.java:493)
	at io.netty.util.concurrent.SingleThreadEventExecutor$4.run(SingleThreadEventExecutor.java:989)
	at io.netty.util.internal.ThreadExecutorMap$2.run(ThreadExecutorMap.java:74)
	at io.netty.util.concurrent.FastThreadLocalRunnable.run(FastThreadLocalRunnable.java:30)
	at java.lang.Thread.run(Unknown Source)

 {"metadata":{"emulator":{"name":"firestore"},"message":"Jul 16, 2020 4:13:01 PM io.grpc.netty.NettyServerHandler onStreamError\r\nWARNING: Stream Error\r\nio.netty.handler.codec.http2.Http2Exception$StreamException: Stream closed before write could take place\r\n\tat io.netty.handler.codec.http2.Http2Exception.streamError(Http2Exception.java:167)\r\n\tat io.netty.handler.codec.http2.DefaultHttp2RemoteFlowController$FlowState.cancel(DefaultHttp2RemoteFlowController.java:481)\r\n\tat io.netty.handler.codec.http2.DefaultHttp2RemoteFlowController$1.onStreamClosed(DefaultHttp2RemoteFlowController.java:105)\r\n\tat io.netty.handler.codec.http2.DefaultHttp2Connection.notifyClosed(DefaultHttp2Connection.java:356)\r\n\tat io.netty.handler.codec.http2.DefaultHttp2Connection$ActiveStreams.removeFromActiveStreams(DefaultHttp2Connection.java:1000)\r\n\tat io.netty.handler.codec.http2.DefaultHttp2Connection$ActiveStreams.deactivate(DefaultHttp2Connection.java:956)\r\n\tat io.netty.handler.codec.http2.DefaultHttp2Connection$DefaultStream.close(DefaultHttp2Connection.java:512)\r\n\tat io.netty.handler.codec.http2.DefaultHttp2Connection$DefaultStream.close(DefaultHttp2Connection.java:518)\r\n\tat io.netty.handler.codec.http2.Http2ConnectionHandler.closeStream(Http2ConnectionHandler.java:613)\r\n\tat io.netty.handler.codec.http2.DefaultHttp2ConnectionDecoder$FrameReadListener.onRstStreamRead(DefaultHttp2ConnectionDecoder.java:408)\r\n\tat io.netty.handler.codec.http2.Http2InboundFrameLogger$1.onRstStreamRead(Http2InboundFrameLogger.java:80)\r\n\tat io.netty.handler.codec.http2.DefaultHttp2FrameReader.readRstStreamFrame(DefaultHttp2FrameReader.java:516)\r\n\tat io.netty.handler.codec.http2.DefaultHttp2FrameReader.processPayloadState(DefaultHttp2FrameReader.java:260)\r\n\tat io.netty.handler.codec.http2.DefaultHttp2FrameReader.readFrame(DefaultHttp2FrameReader.java:160)\r\n\tat io.netty.handler.codec.http2.Http2InboundFrameLogger.readFrame(Http2InboundFrameLogger.java:41)\r\n\tat io.netty.handler.codec.http2.DefaultHttp2ConnectionDecoder.decodeFrame(DefaultHttp2ConnectionDecoder.java:174)\r\n\tat io.netty.handler.codec.http2.Http2ConnectionHandler$FrameDecoder.decode(Http2ConnectionHandler.java:378)\r\n\tat io.netty.handler.codec.http2.Http2ConnectionHandler.decode(Http2ConnectionHandler.java:438)\r\n\tat io.netty.handler.codec.ByteToMessageDecoder.decodeRemovalReentryProtection(ByteToMessageDecoder.java:498)\r\n\tat io.netty.handler.codec.ByteToMessageDecoder.callDecode(ByteToMessageDecoder.java:437)\r\n\tat io.netty.handler.codec.ByteToMessageDecoder.channelRead(ByteToMessageDecoder.java:276)\r\n\tat io.netty.channel.AbstractChannelHandlerContext.invokeChannelRead(AbstractChannelHandlerContext.java:379)\r\n\tat io.netty.channel.AbstractChannelHandlerContext.invokeChannelRead(AbstractChannelHandlerContext.java:365)\r\n\tat io.netty.channel.AbstractChannelHandlerContext.fireChannelRead(AbstractChannelHandlerContext.java:357)\r\n\tat io.netty.channel.DefaultChannelPipeline$HeadContext.channelRead(DefaultChannelPipeline.java:1410)\r\n\tat io.netty.channel.AbstractChannelHandlerContext.invokeChannelRead(AbstractChannelHandlerContext.java:379)\r\n\tat io.netty.channel.AbstractChannelHandlerContext.invokeChannelRead(AbstractChannelHandlerContext.java:365)\r\n\tat io.netty.channel.DefaultChannelPipeline.fireChannelRead(DefaultChannelPipeline.java:919)\r\n\tat io.netty.channel.nio.AbstractNioByteChannel$NioByteUnsafe.read(AbstractNioByteChannel.java:163)\r\n\tat io.netty.channel.nio.NioEventLoop.processSelectedKey(NioEventLoop.java:714)\r\n\tat io.netty.channel.nio.NioEventLoop.processSelectedKeysOptimized(NioEventLoop.java:650)\r\n\tat io.netty.channel.nio.NioEventLoop.processSelectedKeys(NioEventLoop.java:576)\r\n\tat io.netty.channel.nio.NioEventLoop.run(NioEventLoop.java:493)\r\n\tat io.netty.util.concurrent.SingleThreadEventExecutor$4.run(SingleThreadEventExecutor.java:989)\r\n\tat io.netty.util.internal.ThreadExecutorMap$2.run(ThreadExecutorMap.java:74)\r\n\tat io.netty.util.concurrent.FastThreadLocalRunnable.run(FastThreadLocalRunnable.java:30)\r\n\tat java.lang.Thread.run(Unknown Source)\r\n\r\n"}}
[debug] [2020-07-16T14:13:01.339Z] Jul 16, 2020 4:13:01 PM com.google.cloud.datastore.emulator.impl.context.EmulatorAuthorization warnAboutSecuredJwt
WARNING: expected an unsecured JWT, the emulator does not validate JWTs and IS NOT SECURE
 {"metadata":{"emulator":{"name":"firestore"},"message":"Jul 16, 2020 4:13:01 PM com.google.cloud.datastore.emulator.impl.context.EmulatorAuthorization warnAboutSecuredJwt\r\nWARNING: expected an unsecured JWT, the emulator does not validate JWTs and IS NOT SECURE\r\n"}}
