API endpoint: http://localhost:8080
If you are using a library that supports the FIRESTORE_EMULATOR_HOST environment variable, run:

   export FIRESTORE_EMULATOR_HOST=localhost:8080

Dev App Server is now running.

Jul 16, 2020 3:52:12 PM io.gapi.emulators.netty.HttpVersionRoutingHandler channelRead
INFO: Detected HTTP/2 connection.
Jul 16, 2020 3:52:12 PM com.google.cloud.datastore.emulator.impl.context.EmulatorAuthorization warnAboutSecuredJwt
WARNING: expected an unsecured JWT, the emulator does not validate JWTs and IS NOT SECURE
Jul 16, 2020 3:52:12 PM com.google.cloud.datastore.emulator.impl.context.EmulatorAuthorization warnAboutSecuredJwt
WARNING: expected an unsecured JWT, the emulator does not validate JWTs and IS NOT SECURE
Jul 16, 2020 4:12:57 PM io.gapi.emulators.netty.HttpVersionRoutingHandler channelRead
INFO: Detected HTTP/2 connection.
Jul 16, 2020 4:12:57 PM com.google.cloud.datastore.emulator.impl.context.EmulatorAuthorization warnAboutSecuredJwt
WARNING: expected an unsecured JWT, the emulator does not validate JWTs and IS NOT SECURE
Jul 16, 2020 4:12:57 PM com.google.cloud.datastore.emulator.impl.context.EmulatorAuthorization warnAboutSecuredJwt
WARNING: expected an unsecured JWT, the emulator does not validate JWTs and IS NOT SECURE
Jul 16, 2020 4:12:57 PM com.google.cloud.datastore.emulator.impl.context.EmulatorAuthorization warnAboutSecuredJwt
WARNING: expected an unsecured JWT, the emulator does not validate JWTs and IS NOT SECURE
Jul 16, 2020 4:12:57 PM com.google.cloud.datastore.emulator.impl.context.EmulatorAuthorization warnAboutSecuredJwt
WARNING: expected an unsecured JWT, the emulator does not validate JWTs and IS NOT SECURE
Jul 16, 2020 4:12:57 PM com.google.cloud.datastore.emulator.impl.context.EmulatorAuthorization warnAboutSecuredJwt
WARNING: expected an unsecured JWT, the emulator does not validate JWTs and IS NOT SECURE
Jul 16, 2020 4:12:57 PM com.google.cloud.datastore.emulator.impl.context.EmulatorAuthorization warnAboutSecuredJwt
WARNING: expected an unsecured JWT, the emulator does not validate JWTs and IS NOT SECURE
Jul 16, 2020 4:12:58 PM com.google.cloud.datastore.emulator.impl.context.EmulatorAuthorization warnAboutSecuredJwt
WARNING: expected an unsecured JWT, the emulator does not validate JWTs and IS NOT SECURE
Jul 16, 2020 4:12:58 PM com.google.cloud.datastore.emulator.impl.context.EmulatorAuthorization warnAboutSecuredJwt
WARNING: expected an unsecured JWT, the emulator does not validate JWTs and IS NOT SECURE
Jul 16, 2020 4:12:59 PM com.google.cloud.datastore.emulator.impl.context.EmulatorAuthorization warnAboutSecuredJwt
WARNING: expected an unsecured JWT, the emulator does not validate JWTs and IS NOT SECURE
Jul 16, 2020 4:12:59 PM com.google.cloud.datastore.emulator.impl.context.EmulatorAuthorization warnAboutSecuredJwt
WARNING: expected an unsecured JWT, the emulator does not validate JWTs and IS NOT SECURE
Jul 16, 2020 4:13:00 PM com.google.cloud.datastore.emulator.impl.context.EmulatorAuthorization warnAboutSecuredJwt
WARNING: expected an unsecured JWT, the emulator does not validate JWTs and IS NOT SECURE
Jul 16, 2020 4:13:00 PM com.google.cloud.datastore.emulator.impl.context.EmulatorAuthorization warnAboutSecuredJwt
WARNING: expected an unsecured JWT, the emulator does not validate JWTs and IS NOT SECURE
Jul 16, 2020 4:13:00 PM io.netty.util.ReferenceCountUtil safeRelease
WARNING: Failed to release a message: UnpooledSlicedByteBuf(freed)
io.netty.util.IllegalReferenceCountException: refCnt: 0, decrement: 1
	at io.netty.util.internal.ReferenceCountUpdater.toLiveRealRefCnt(ReferenceCountUpdater.java:74)
	at io.netty.util.internal.ReferenceCountUpdater.release(ReferenceCountUpdater.java:138)
	at io.netty.buffer.AbstractReferenceCountedByteBuf.release(AbstractReferenceCountedByteBuf.java:100)
	at io.netty.buffer.CompositeByteBuf$Component.free(CompositeByteBuf.java:1915)
	at io.netty.buffer.CompositeByteBuf.deallocate(CompositeByteBuf.java:2220)
	at io.netty.buffer.AbstractReferenceCountedByteBuf.handleRelease(AbstractReferenceCountedByteBuf.java:110)
	at io.netty.buffer.AbstractReferenceCountedByteBuf.release(AbstractReferenceCountedByteBuf.java:100)
	at io.netty.buffer.AbstractDerivedByteBuf.release0(AbstractDerivedByteBuf.java:94)
	at io.netty.buffer.AbstractDerivedByteBuf.release(AbstractDerivedByteBuf.java:90)
	at io.netty.util.ReferenceCountUtil.release(ReferenceCountUtil.java:88)
	at io.netty.util.ReferenceCountUtil.safeRelease(ReferenceCountUtil.java:113)
	at io.netty.channel.ChannelOutboundBuffer.remove(ChannelOutboundBuffer.java:271)
	at io.netty.channel.ChannelOutboundBuffer.removeBytes(ChannelOutboundBuffer.java:352)
	at io.netty.channel.socket.nio.NioSocketChannel.doWrite(NioSocketChannel.java:431)
	at io.netty.channel.AbstractChannel$AbstractUnsafe.flush0(AbstractChannel.java:930)
	at io.netty.channel.nio.AbstractNioChannel$AbstractNioUnsafe.flush0(AbstractNioChannel.java:354)
	at io.netty.channel.AbstractChannel$AbstractUnsafe.flush(AbstractChannel.java:897)
	at io.netty.channel.DefaultChannelPipeline$HeadContext.flush(DefaultChannelPipeline.java:1372)
	at io.netty.channel.AbstractChannelHandlerContext.invokeFlush0(AbstractChannelHandlerContext.java:750)
	at io.netty.channel.AbstractChannelHandlerContext.invokeFlush(AbstractChannelHandlerContext.java:742)
	at io.netty.channel.AbstractChannelHandlerContext.flush(AbstractChannelHandlerContext.java:728)
	at io.netty.handler.codec.http2.Http2ConnectionHandler.flush(Http2ConnectionHandler.java:189)
	at io.netty.channel.AbstractChannelHandlerContext.invokeFlush0(AbstractChannelHandlerContext.java:750)
	at io.netty.channel.AbstractChannelHandlerContext.invokeFlush(AbstractChannelHandlerContext.java:742)
	at io.netty.channel.AbstractChannelHandlerContext.flush(AbstractChannelHandlerContext.java:728)
	at io.netty.channel.DefaultChannelPipeline.flush(DefaultChannelPipeline.java:967)
	at io.netty.channel.AbstractChannel.flush(AbstractChannel.java:242)
	at io.grpc.netty.WriteQueue.flush(WriteQueue.java:147)
	at io.grpc.netty.WriteQueue.access$000(WriteQueue.java:34)
	at io.grpc.netty.WriteQueue$1.run(WriteQueue.java:46)
	at io.netty.util.concurrent.AbstractEventExecutor.safeExecute(AbstractEventExecutor.java:164)
	at io.netty.util.concurrent.SingleThreadEventExecutor.runAllTasks(SingleThreadEventExecutor.java:472)
	at io.netty.channel.nio.NioEventLoop.run(NioEventLoop.java:500)
	at io.netty.util.concurrent.SingleThreadEventExecutor$4.run(SingleThreadEventExecutor.java:989)
	at io.netty.util.internal.ThreadExecutorMap$2.run(ThreadExecutorMap.java:74)
	at io.netty.util.concurrent.FastThreadLocalRunnable.run(FastThreadLocalRunnable.java:30)
	at java.lang.Thread.run(Unknown Source)

Jul 16, 2020 4:13:00 PM io.netty.util.ReferenceCountUtil safeRelease
WARNING: Failed to release a message: UnpooledSlicedByteBuf(freed)
io.netty.util.IllegalReferenceCountException: refCnt: 0, decrement: 1
	at io.netty.util.internal.ReferenceCountUpdater.toLiveRealRefCnt(ReferenceCountUpdater.java:74)
	at io.netty.util.internal.ReferenceCountUpdater.release(ReferenceCountUpdater.java:138)
	at io.netty.buffer.AbstractReferenceCountedByteBuf.release(AbstractReferenceCountedByteBuf.java:100)
	at io.netty.buffer.CompositeByteBuf$Component.free(CompositeByteBuf.java:1915)
	at io.netty.buffer.CompositeByteBuf.deallocate(CompositeByteBuf.java:2220)
	at io.netty.buffer.AbstractReferenceCountedByteBuf.handleRelease(AbstractReferenceCountedByteBuf.java:110)
	at io.netty.buffer.AbstractReferenceCountedByteBuf.release(AbstractReferenceCountedByteBuf.java:100)
	at io.netty.buffer.AbstractDerivedByteBuf.release0(AbstractDerivedByteBuf.java:94)
	at io.netty.buffer.AbstractDerivedByteBuf.release(AbstractDerivedByteBuf.java:90)
	at io.netty.util.ReferenceCountUtil.release(ReferenceCountUtil.java:88)
	at io.netty.util.ReferenceCountUtil.safeRelease(ReferenceCountUtil.java:113)
	at io.netty.channel.ChannelOutboundBuffer.remove(ChannelOutboundBuffer.java:271)
	at io.netty.channel.ChannelOutboundBuffer.removeBytes(ChannelOutboundBuffer.java:352)
	at io.netty.channel.socket.nio.NioSocketChannel.doWrite(NioSocketChannel.java:431)
	at io.netty.channel.AbstractChannel$AbstractUnsafe.flush0(AbstractChannel.java:930)
	at io.netty.channel.nio.AbstractNioChannel$AbstractNioUnsafe.flush0(AbstractNioChannel.java:354)
	at io.netty.channel.AbstractChannel$AbstractUnsafe.flush(AbstractChannel.java:897)
	at io.netty.channel.DefaultChannelPipeline$HeadContext.flush(DefaultChannelPipeline.java:1372)
	at io.netty.channel.AbstractChannelHandlerContext.invokeFlush0(AbstractChannelHandlerContext.java:750)
	at io.netty.channel.AbstractChannelHandlerContext.invokeFlush(AbstractChannelHandlerContext.java:742)
	at io.netty.channel.AbstractChannelHandlerContext.flush(AbstractChannelHandlerContext.java:728)
	at io.netty.handler.codec.http2.Http2ConnectionHandler.flush(Http2ConnectionHandler.java:189)
	at io.netty.channel.AbstractChannelHandlerContext.invokeFlush0(AbstractChannelHandlerContext.java:750)
	at io.netty.channel.AbstractChannelHandlerContext.invokeFlush(AbstractChannelHandlerContext.java:742)
	at io.netty.channel.AbstractChannelHandlerContext.flush(AbstractChannelHandlerContext.java:728)
	at io.netty.channel.DefaultChannelPipeline.flush(DefaultChannelPipeline.java:967)
	at io.netty.channel.AbstractChannel.flush(AbstractChannel.java:242)
	at io.grpc.netty.WriteQueue.flush(WriteQueue.java:147)
	at io.grpc.netty.WriteQueue.access$000(WriteQueue.java:34)
	at io.grpc.netty.WriteQueue$1.run(WriteQueue.java:46)
	at io.netty.util.concurrent.AbstractEventExecutor.safeExecute(AbstractEventExecutor.java:164)
	at io.netty.util.concurrent.SingleThreadEventExecutor.runAllTasks(SingleThreadEventExecutor.java:472)
	at io.netty.channel.nio.NioEventLoop.run(NioEventLoop.java:500)
	at io.netty.util.concurrent.SingleThreadEventExecutor$4.run(SingleThreadEventExecutor.java:989)
	at io.netty.util.internal.ThreadExecutorMap$2.run(ThreadExecutorMap.java:74)
	at io.netty.util.concurrent.FastThreadLocalRunnable.run(FastThreadLocalRunnable.java:30)
	at java.lang.Thread.run(Unknown Source)

Jul 16, 2020 4:13:00 PM com.google.cloud.datastore.emulator.impl.context.EmulatorAuthorization warnAboutSecuredJwt
WARNING: expected an unsecured JWT, the emulator does not validate JWTs and IS NOT SECURE
Jul 16, 2020 4:13:01 PM com.google.cloud.datastore.emulator.impl.context.EmulatorAuthorization warnAboutSecuredJwt
WARNING: expected an unsecured JWT, the emulator does not validate JWTs and IS NOT SECURE
Jul 16, 2020 4:13:01 PM com.google.cloud.datastore.emulator.impl.context.EmulatorAuthorization warnAboutSecuredJwt
WARNING: expected an unsecured JWT, the emulator does not validate JWTs and IS NOT SECURE
Jul 16, 2020 4:13:01 PM io.grpc.netty.NettyServerHandler onStreamError
WARNING: Stream Error
io.netty.handler.codec.http2.Http2Exception$StreamException: Stream closed before write could take place
	at io.netty.handler.codec.http2.Http2Exception.streamError(Http2Exception.java:167)
	at io.netty.handler.codec.http2.DefaultHttp2RemoteFlowController$FlowState.cancel(DefaultHttp2RemoteFlowController.java:481)
	at io.netty.handler.codec.http2.DefaultHttp2RemoteFlowController$1.onStreamClosed(DefaultHttp2RemoteFlowController.java:105)
	at io.netty.handler.codec.http2.DefaultHttp2Connection.notifyClosed(DefaultHttp2Connection.java:356)
	at io.netty.handler.codec.http2.DefaultHttp2Connection$ActiveStreams.removeFromActiveStreams(DefaultHttp2Connection.java:1000)
	at io.netty.handler.codec.http2.DefaultHttp2Connection$ActiveStreams.deactivate(DefaultHttp2Connection.java:956)
	at io.netty.handler.codec.http2.DefaultHttp2Connection$DefaultStream.close(DefaultHttp2Connection.java:512)
	at io.netty.handler.codec.http2.DefaultHttp2Connection$DefaultStream.close(DefaultHttp2Connection.java:518)
	at io.netty.handler.codec.http2.Http2ConnectionHandler.closeStream(Http2ConnectionHandler.java:613)
	at io.netty.handler.codec.http2.DefaultHttp2ConnectionDecoder$FrameReadListener.onRstStreamRead(DefaultHttp2ConnectionDecoder.java:408)
	at io.netty.handler.codec.http2.Http2InboundFrameLogger$1.onRstStreamRead(Http2InboundFrameLogger.java:80)
	at io.netty.handler.codec.http2.DefaultHttp2FrameReader.readRstStreamFrame(DefaultHttp2FrameReader.java:516)
	at io.netty.handler.codec.http2.DefaultHttp2FrameReader.processPayloadState(DefaultHttp2FrameReader.java:260)
	at io.netty.handler.codec.http2.DefaultHttp2FrameReader.readFrame(DefaultHttp2FrameReader.java:160)
	at io.netty.handler.codec.http2.Http2InboundFrameLogger.readFrame(Http2InboundFrameLogger.java:41)
	at io.netty.handler.codec.http2.DefaultHttp2ConnectionDecoder.decodeFrame(DefaultHttp2ConnectionDecoder.java:174)
	at io.netty.handler.codec.http2.Http2ConnectionHandler$FrameDecoder.decode(Http2ConnectionHandler.java:378)
	at io.netty.handler.codec.http2.Http2ConnectionHandler.decode(Http2ConnectionHandler.java:438)
	at io.netty.handler.codec.ByteToMessageDecoder.decodeRemovalReentryProtection(ByteToMessageDecoder.java:498)
	at io.netty.handler.codec.ByteToMessageDecoder.callDecode(ByteToMessageDecoder.java:437)
	at io.netty.handler.codec.ByteToMessageDecoder.channelRead(ByteToMessageDecoder.java:276)
	at io.netty.channel.AbstractChannelHandlerContext.invokeChannelRead(AbstractChannelHandlerContext.java:379)
	at io.netty.channel.AbstractChannelHandlerContext.invokeChannelRead(AbstractChannelHandlerContext.java:365)
	at io.netty.channel.AbstractChannelHandlerContext.fireChannelRead(AbstractChannelHandlerContext.java:357)
	at io.netty.channel.DefaultChannelPipeline$HeadContext.channelRead(DefaultChannelPipeline.java:1410)
	at io.netty.channel.AbstractChannelHandlerContext.invokeChannelRead(AbstractChannelHandlerContext.java:379)
	at io.netty.channel.AbstractChannelHandlerContext.invokeChannelRead(AbstractChannelHandlerContext.java:365)
	at io.netty.channel.DefaultChannelPipeline.fireChannelRead(DefaultChannelPipeline.java:919)
	at io.netty.channel.nio.AbstractNioByteChannel$NioByteUnsafe.read(AbstractNioByteChannel.java:163)
	at io.netty.channel.nio.NioEventLoop.processSelectedKey(NioEventLoop.java:714)
	at io.netty.channel.nio.NioEventLoop.processSelectedKeysOptimized(NioEventLoop.java:650)
	at io.netty.channel.nio.NioEventLoop.processSelectedKeys(NioEventLoop.java:576)
	at io.netty.channel.nio.NioEventLoop.run(NioEventLoop.java:493)
	at io.netty.util.concurrent.SingleThreadEventExecutor$4.run(SingleThreadEventExecutor.java:989)
	at io.netty.util.internal.ThreadExecutorMap$2.run(ThreadExecutorMap.java:74)
	at io.netty.util.concurrent.FastThreadLocalRunnable.run(FastThreadLocalRunnable.java:30)
	at java.lang.Thread.run(Unknown Source)

Jul 16, 2020 4:13:01 PM com.google.cloud.datastore.emulator.impl.context.EmulatorAuthorization warnAboutSecuredJwt
WARNING: expected an unsecured JWT, the emulator does not validate JWTs and IS NOT SECURE
